<?xml version="1.0" encoding="UTF-8"?>
<!-- Generated by org.testng.reporters.JUnitReportReporter -->
<testsuite skipped="0" hostname="SL-1167" name="com.yourcompany.SampleSauceTest" tests="90" failures="0" timestamp="2020-12-14T10:11:16 PST" time="2370.708" errors="0">
  <testcase name="loginTestSalesforce11" time="27.232" classname="com.yourcompany.SampleSauceTest"/>
  <system-out/>
  <testcase name="loginTestSalesforce2" time="33.395" classname="com.yourcompany.SampleSauceTest"/>
  <system-out/>
  <testcase name="loginTestSalesforce5" time="21.088" classname="com.yourcompany.SampleSauceTest"/>
  <system-out/>
  <testcase name="loginTestSalesforce7" time="25.898" classname="com.yourcompany.SampleSauceTest"/>
  <system-out/>
  <testcase name="loginTestSalesforce8" time="23.196" classname="com.yourcompany.SampleSauceTest"/>
  <system-out/>
  <testcase name="loginTestSalesforce12" time="26.937" classname="com.yourcompany.SampleSauceTest"/>
  <system-out/>
  <testcase name="loginTestSalesforce13" time="27.261" classname="com.yourcompany.SampleSauceTest"/>
  <system-out/>
  <testcase name="loginTestSalesforce8" time="26.752" classname="com.yourcompany.SampleSauceTest"/>
  <system-out/>
  <testcase name="loginTestSalesforce3" time="28.663" classname="com.yourcompany.SampleSauceTest"/>
  <system-out/>
  <testcase name="loginTestSalesforce14" time="33.068" classname="com.yourcompany.SampleSauceTest"/>
  <system-out/>
  <testcase name="loginTestSalesforce6" time="25.718" classname="com.yourcompany.SampleSauceTest"/>
  <system-out/>
  <testcase name="loginTestSalesforce5" time="29.616" classname="com.yourcompany.SampleSauceTest"/>
  <system-out/>
  <testcase name="loginTestSalesforce1" time="27.884" classname="com.yourcompany.SampleSauceTest"/>
  <system-out/>
  <testcase name="loginTestSalesforce13" time="27.271" classname="com.yourcompany.SampleSauceTest"/>
  <system-out/>
  <testcase name="loginTestSalesforce0" time="25.283" classname="com.yourcompany.SampleSauceTest"/>
  <system-out/>
  <testcase name="loginTestSalesforce0" time="27.032" classname="com.yourcompany.SampleSauceTest"/>
  <system-out/>
  <testcase name="loginTestSalesforce11" time="28.847" classname="com.yourcompany.SampleSauceTest"/>
  <system-out/>
  <testcase name="loginTestSalesforce13" time="28.319" classname="com.yourcompany.SampleSauceTest"/>
  <system-out/>
  <testcase name="loginTestSalesforce9" time="29.427" classname="com.yourcompany.SampleSauceTest"/>
  <system-out/>
  <testcase name="loginTestSalesforce7" time="22.609" classname="com.yourcompany.SampleSauceTest"/>
  <system-out/>
  <testcase name="loginTestSalesforce6" time="25.407" classname="com.yourcompany.SampleSauceTest"/>
  <system-out/>
  <testcase name="loginTestSalesforce13" time="27.663" classname="com.yourcompany.SampleSauceTest"/>
  <system-out/>
  <testcase name="loginTestSalesforce5" time="25.669" classname="com.yourcompany.SampleSauceTest"/>
  <system-out/>
  <testcase name="loginTestSalesforce0" time="26.890" classname="com.yourcompany.SampleSauceTest"/>
  <system-out/>
  <testcase name="loginTestSalesforce6" time="21.517" classname="com.yourcompany.SampleSauceTest"/>
  <system-out/>
  <testcase name="loginTestSalesforce10" time="27.474" classname="com.yourcompany.SampleSauceTest"/>
  <system-out/>
  <testcase name="loginTestSalesforce11" time="25.222" classname="com.yourcompany.SampleSauceTest"/>
  <system-out/>
  <testcase name="loginTestSalesforce4" time="25.303" classname="com.yourcompany.SampleSauceTest"/>
  <system-out/>
  <testcase name="loginTestSalesforce0" time="23.756" classname="com.yourcompany.SampleSauceTest"/>
  <system-out/>
  <testcase name="loginTestSalesforce12" time="22.009" classname="com.yourcompany.SampleSauceTest"/>
  <system-out/>
  <testcase name="loginTestSalesforce4" time="22.669" classname="com.yourcompany.SampleSauceTest"/>
  <system-out/>
  <testcase name="loginTestSalesforce14" time="24.530" classname="com.yourcompany.SampleSauceTest"/>
  <system-out/>
  <testcase name="loginTestSalesforce14" time="28.447" classname="com.yourcompany.SampleSauceTest"/>
  <system-out/>
  <testcase name="loginTestSalesforce11" time="22.479" classname="com.yourcompany.SampleSauceTest"/>
  <system-out/>
  <testcase name="loginTestSalesforce2" time="26.447" classname="com.yourcompany.SampleSauceTest"/>
  <system-out/>
  <testcase name="loginTestSalesforce9" time="22.269" classname="com.yourcompany.SampleSauceTest"/>
  <system-out/>
  <testcase name="loginTestSalesforce2" time="25.816" classname="com.yourcompany.SampleSauceTest"/>
  <system-out/>
  <testcase name="loginTestSalesforce3" time="20.957" classname="com.yourcompany.SampleSauceTest"/>
  <system-out/>
  <testcase name="loginTestSalesforce12" time="24.670" classname="com.yourcompany.SampleSauceTest"/>
  <system-out/>
  <testcase name="loginTestSalesforce14" time="24.980" classname="com.yourcompany.SampleSauceTest"/>
  <system-out/>
  <testcase name="loginTestSalesforce5" time="23.923" classname="com.yourcompany.SampleSauceTest"/>
  <system-out/>
  <testcase name="loginTestSalesforce7" time="28.361" classname="com.yourcompany.SampleSauceTest"/>
  <system-out/>
  <testcase name="loginTestSalesforce10" time="23.343" classname="com.yourcompany.SampleSauceTest"/>
  <system-out/>
  <testcase name="loginTestSalesforce14" time="29.873" classname="com.yourcompany.SampleSauceTest"/>
  <system-out/>
  <testcase name="loginTestSalesforce1" time="27.391" classname="com.yourcompany.SampleSauceTest"/>
  <system-out/>
  <testcase name="loginTestSalesforce10" time="23.842" classname="com.yourcompany.SampleSauceTest"/>
  <system-out/>
  <testcase name="loginTestSalesforce8" time="24.407" classname="com.yourcompany.SampleSauceTest"/>
  <system-out/>
  <testcase name="loginTestSalesforce1" time="33.185" classname="com.yourcompany.SampleSauceTest"/>
  <system-out/>
  <testcase name="loginTestSalesforce4" time="26.771" classname="com.yourcompany.SampleSauceTest"/>
  <system-out/>
  <testcase name="loginTestSalesforce8" time="21.795" classname="com.yourcompany.SampleSauceTest"/>
  <system-out/>
  <testcase name="loginTestSalesforce2" time="21.606" classname="com.yourcompany.SampleSauceTest"/>
  <system-out/>
  <testcase name="loginTestSalesforce14" time="25.822" classname="com.yourcompany.SampleSauceTest"/>
  <system-out/>
  <testcase name="loginTestSalesforce9" time="26.644" classname="com.yourcompany.SampleSauceTest"/>
  <system-out/>
  <testcase name="loginTestSalesforce12" time="22.232" classname="com.yourcompany.SampleSauceTest"/>
  <system-out/>
  <testcase name="loginTestSalesforce7" time="28.303" classname="com.yourcompany.SampleSauceTest"/>
  <system-out/>
  <testcase name="loginTestSalesforce9" time="25.105" classname="com.yourcompany.SampleSauceTest"/>
  <system-out/>
  <testcase name="loginTestSalesforce5" time="23.586" classname="com.yourcompany.SampleSauceTest"/>
  <system-out/>
  <testcase name="loginTestSalesforce7" time="23.501" classname="com.yourcompany.SampleSauceTest"/>
  <system-out/>
  <testcase name="loginTestSalesforce8" time="28.200" classname="com.yourcompany.SampleSauceTest"/>
  <system-out/>
  <testcase name="loginTestSalesforce3" time="25.976" classname="com.yourcompany.SampleSauceTest"/>
  <system-out/>
  <testcase name="loginTestSalesforce10" time="29.240" classname="com.yourcompany.SampleSauceTest"/>
  <system-out/>
  <testcase name="loginTestSalesforce10" time="28.118" classname="com.yourcompany.SampleSauceTest"/>
  <system-out/>
  <testcase name="loginTestSalesforce13" time="30.725" classname="com.yourcompany.SampleSauceTest"/>
  <system-out/>
  <testcase name="loginTestSalesforce3" time="33.846" classname="com.yourcompany.SampleSauceTest"/>
  <system-out/>
  <testcase name="loginTestSalesforce2" time="24.170" classname="com.yourcompany.SampleSauceTest"/>
  <system-out/>
  <testcase name="loginTestSalesforce12" time="24.017" classname="com.yourcompany.SampleSauceTest"/>
  <system-out/>
  <testcase name="loginTestSalesforce3" time="28.513" classname="com.yourcompany.SampleSauceTest"/>
  <system-out/>
  <testcase name="loginTestSalesforce11" time="28.513" classname="com.yourcompany.SampleSauceTest"/>
  <system-out/>
  <testcase name="loginTestSalesforce4" time="30.842" classname="com.yourcompany.SampleSauceTest"/>
  <system-out/>
  <testcase name="loginTestSalesforce6" time="21.850" classname="com.yourcompany.SampleSauceTest"/>
  <system-out/>
  <testcase name="loginTestSalesforce5" time="29.915" classname="com.yourcompany.SampleSauceTest"/>
  <system-out/>
  <testcase name="loginTestSalesforce6" time="20.676" classname="com.yourcompany.SampleSauceTest"/>
  <system-out/>
  <testcase name="loginTestSalesforce10" time="26.291" classname="com.yourcompany.SampleSauceTest"/>
  <system-out/>
  <testcase name="loginTestSalesforce7" time="32.453" classname="com.yourcompany.SampleSauceTest"/>
  <system-out/>
  <testcase name="loginTestSalesforce8" time="22.205" classname="com.yourcompany.SampleSauceTest"/>
  <system-out/>
  <testcase name="loginTestSalesforce0" time="29.834" classname="com.yourcompany.SampleSauceTest"/>
  <system-out/>
  <testcase name="loginTestSalesforce3" time="31.934" classname="com.yourcompany.SampleSauceTest"/>
  <system-out/>
  <testcase name="loginTestSalesforce12" time="29.593" classname="com.yourcompany.SampleSauceTest"/>
  <system-out/>
  <testcase name="loginTestSalesforce9" time="25.632" classname="com.yourcompany.SampleSauceTest"/>
  <system-out/>
  <testcase name="loginTestSalesforce6" time="28.641" classname="com.yourcompany.SampleSauceTest"/>
  <system-out/>
  <testcase name="loginTestSalesforce1" time="19.551" classname="com.yourcompany.SampleSauceTest"/>
  <system-out/>
  <testcase name="loginTestSalesforce2" time="27.391" classname="com.yourcompany.SampleSauceTest"/>
  <system-out/>
  <testcase name="loginTestSalesforce1" time="29.253" classname="com.yourcompany.SampleSauceTest"/>
  <system-out/>
  <testcase name="loginTestSalesforce0" time="24.253" classname="com.yourcompany.SampleSauceTest"/>
  <system-out/>
  <testcase name="loginTestSalesforce11" time="27.090" classname="com.yourcompany.SampleSauceTest"/>
  <system-out/>
  <testcase name="loginTestSalesforce9" time="27.995" classname="com.yourcompany.SampleSauceTest"/>
  <system-out/>
  <testcase name="loginTestSalesforce4" time="28.546" classname="com.yourcompany.SampleSauceTest"/>
  <system-out/>
  <testcase name="loginTestSalesforce1" time="23.028" classname="com.yourcompany.SampleSauceTest"/>
  <system-out/>
  <testcase name="loginTestSalesforce4" time="26.682" classname="com.yourcompany.SampleSauceTest"/>
  <system-out/>
  <testcase name="loginTestSalesforce13" time="26.375" classname="com.yourcompany.SampleSauceTest"/>
  <system-out/>
</testsuite> <!-- com.yourcompany.SampleSauceTest -->
